<?xml version="1.0" encoding="UTF-8"?>
<!-- Generated by org.testng.reporters.JUnitReportReporter -->
<testsuite skipped="0" hostname="DESKTOP-97H7K1T" name="com.example.CalculatorSpringBootNGTest" tests="10" failures="0" timestamp="10 jul 2021 22:24:50 GMT" time="126.206" errors="0">
  <testcase name="testLimpiarCalculadoraSimple" time="12.936" classname="com.example.CalculatorSpringBootNGTest"/>
  <testcase name="testfibonacci" time="12.913" classname="com.example.CalculatorSpringBootNGTest"/>
  <testcase name="testLimpiarCalculadoraCompleja" time="12.701" classname="com.example.CalculatorSpringBootNGTest"/>
  <testcase name="testDivision" time="13.508" classname="com.example.CalculatorSpringBootNGTest"/>
  <testcase name="testFactorial" time="12.931" classname="com.example.CalculatorSpringBootNGTest"/>
  <testcase name="testResta" time="12.923" classname="com.example.CalculatorSpringBootNGTest"/>
  <testcase name="testMultiplicacion" time="12.867" classname="com.example.CalculatorSpringBootNGTest"/>
  <testcase name="testPotenciaAlCuadrado" time="12.887" classname="com.example.CalculatorSpringBootNGTest"/>
  <testcase name="testRaiz" time="12.562" classname="com.example.CalculatorSpringBootNGTest"/>
  <testcase name="testSuma" time="9.978" classname="com.example.CalculatorSpringBootNGTest"/>
</testsuite> <!-- com.example.CalculatorSpringBootNGTest -->
